
*** Running vivado
    with args -log alu.vds -m64 -product Vivado -mode batch -messageDb vivado.pb -notrace -source alu.tcl


ECHO est  desactivado.
ECHO est  desactivado.

****** Vivado v2023.1 (64-bit)
  **** SW Build 3865809 on Sun May  7 15:05:29 MDT 2023
  **** IP Build 3864474 on Sun May  7 20:36:21 MDT 2023
  **** SharedData Build 3865790 on Sun May 07 13:33:03 MDT 2023
    ** Copyright 1986-2022 Xilinx, Inc. All Rights Reserved.
    ** Copyright 2022-2023 Advanced Micro Devices, Inc. All Rights Reserved.

source alu.tcl -notrace
create_project: Time (s): cpu = 00:00:21 ; elapsed = 00:00:29 . Memory (MB): peak = 444.395 ; gain = 162.906
Command: read_checkpoint -auto_incremental -incremental D:/Arqui/aluV1.0/aluV1.0.srcs/utils_1/imports/synth_1/alu.dcp
INFO: [Vivado 12-5825] Read reference checkpoint from D:/Arqui/aluV1.0/aluV1.0.srcs/utils_1/imports/synth_1/alu.dcp for incremental synthesis
INFO: [Vivado 12-7989] Please ensure there are no constraint changes
Command: synth_design -top alu -part xc7a100tcsg324-3
Starting synth_design
Attempting to get a license for feature 'Synthesis' and/or device 'xc7a100t'
INFO: [Common 17-349] Got license for feature 'Synthesis' and/or device 'xc7a100t'
INFO: [Device 21-403] Loading part xc7a100tcsg324-3
INFO: [Designutils 20-5440] No compile time benefit to using incremental synthesis; A full resynthesis will be run
INFO: [Designutils 20-4379] Flow is switching to default flow due to incremental criteria not met. If you would like to alter this behaviour and have the flow terminate instead, please set the following parameter config_implementation {autoIncr.Synth.RejectBehavior Terminate}
INFO: [Synth 8-7079] Multithreading enabled for synth_design using a maximum of 2 processes.
INFO: [Synth 8-7078] Launching helper process for spawning children vivado processes
INFO: [Synth 8-7075] Helper process launched with PID 12760
---------------------------------------------------------------------------------
Starting RTL Elaboration : Time (s): cpu = 00:00:16 ; elapsed = 00:00:22 . Memory (MB): peak = 1280.184 ; gain = 411.590
---------------------------------------------------------------------------------
INFO: [Synth 8-638] synthesizing module 'alu' [D:/Arqui/aluV1.0/aluV1.0.srcs/sources_1/new/alu.vhd:46]
WARNING: [Synth 8-614] signal 'AInv' is read in the process but is not in the sensitivity list [D:/Arqui/aluV1.0/aluV1.0.srcs/sources_1/new/alu.vhd:50]
WARNING: [Synth 8-614] signal 'A' is read in the process but is not in the sensitivity list [D:/Arqui/aluV1.0/aluV1.0.srcs/sources_1/new/alu.vhd:50]
WARNING: [Synth 8-614] signal 'BInv' is read in the process but is not in the sensitivity list [D:/Arqui/aluV1.0/aluV1.0.srcs/sources_1/new/alu.vhd:50]
WARNING: [Synth 8-614] signal 'B' is read in the process but is not in the sensitivity list [D:/Arqui/aluV1.0/aluV1.0.srcs/sources_1/new/alu.vhd:50]
WARNING: [Synth 8-614] signal 'Co' is read in the process but is not in the sensitivity list [D:/Arqui/aluV1.0/aluV1.0.srcs/sources_1/new/alu.vhd:50]
INFO: [Synth 8-256] done synthesizing module 'alu' (0#1) [D:/Arqui/aluV1.0/aluV1.0.srcs/sources_1/new/alu.vhd:46]
---------------------------------------------------------------------------------
Finished RTL Elaboration : Time (s): cpu = 00:00:21 ; elapsed = 00:00:31 . Memory (MB): peak = 1371.984 ; gain = 503.391
---------------------------------------------------------------------------------
---------------------------------------------------------------------------------
Start Handling Custom Attributes
---------------------------------------------------------------------------------
---------------------------------------------------------------------------------
Finished Handling Custom Attributes : Time (s): cpu = 00:00:22 ; elapsed = 00:00:32 . Memory (MB): peak = 1371.984 ; gain = 503.391
---------------------------------------------------------------------------------
---------------------------------------------------------------------------------
Finished RTL Optimization Phase 1 : Time (s): cpu = 00:00:22 ; elapsed = 00:00:32 . Memory (MB): peak = 1371.984 ; gain = 503.391
---------------------------------------------------------------------------------
Netlist sorting complete. Time (s): cpu = 00:00:00 ; elapsed = 00:00:00.007 . Memory (MB): peak = 1371.984 ; gain = 0.000
INFO: [Project 1-570] Preparing netlist for logic optimization

Processing XDC Constraints
Initializing timing engine
Parsing XDC File [D:/Arqui/aluV1.0/transferir/ctrAlu.xdc]
Finished Parsing XDC File [D:/Arqui/aluV1.0/transferir/ctrAlu.xdc]
INFO: [Project 1-236] Implementation specific constraints were found while reading constraint file [D:/Arqui/aluV1.0/transferir/ctrAlu.xdc]. These constraints will be ignored for synthesis but will be used in implementation. Impacted constraints are listed in the file [.Xil/alu_propImpl.xdc].
Resolution: To avoid this warning, move constraints listed in [.Xil/alu_propImpl.xdc] to another XDC file and exclude this new file from synthesis with the used_in_synthesis property (File Properties dialog in GUI) and re-run elaboration/synthesis.
Completed Processing XDC Constraints

Netlist sorting complete. Time (s): cpu = 00:00:00 ; elapsed = 00:00:00 . Memory (MB): peak = 1450.262 ; gain = 0.000
INFO: [Project 1-111] Unisim Transformation Summary:
No Unisim elements were transformed.

Constraint Validation Runtime : Time (s): cpu = 00:00:00 ; elapsed = 00:00:00.068 . Memory (MB): peak = 1450.262 ; gain = 0.000
INFO: [Designutils 20-5440] No compile time benefit to using incremental synthesis; A full resynthesis will be run
INFO: [Designutils 20-4379] Flow is switching to default flow due to incremental criteria not met. If you would like to alter this behaviour and have the flow terminate instead, please set the following parameter config_implementation {autoIncr.Synth.RejectBehavior Terminate}
---------------------------------------------------------------------------------
Finished Constraint Validation : Time (s): cpu = 00:00:47 ; elapsed = 00:01:07 . Memory (MB): peak = 1450.262 ; gain = 581.668
---------------------------------------------------------------------------------
---------------------------------------------------------------------------------
Start Loading Part and Timing Information
---------------------------------------------------------------------------------
Loading part: xc7a100tcsg324-3
---------------------------------------------------------------------------------
Finished Loading Part and Timing Information : Time (s): cpu = 00:00:47 ; elapsed = 00:01:07 . Memory (MB): peak = 1450.262 ; gain = 581.668
---------------------------------------------------------------------------------
---------------------------------------------------------------------------------
Start Applying 'set_property' XDC Constraints
---------------------------------------------------------------------------------
---------------------------------------------------------------------------------
Finished applying 'set_property' XDC Constraints : Time (s): cpu = 00:00:47 ; elapsed = 00:01:07 . Memory (MB): peak = 1450.262 ; gain = 581.668
---------------------------------------------------------------------------------
WARNING: [Synth 8-327] inferring latch for variable 'Cc_reg' [D:/Arqui/aluV1.0/aluV1.0.srcs/sources_1/new/alu.vhd:91]
WARNING: [Synth 8-327] inferring latch for variable 'resTemp_reg' [D:/Arqui/aluV1.0/aluV1.0.srcs/sources_1/new/alu.vhd:62]
---------------------------------------------------------------------------------
Finished RTL Optimization Phase 2 : Time (s): cpu = 00:00:47 ; elapsed = 00:01:08 . Memory (MB): peak = 1450.262 ; gain = 581.668
---------------------------------------------------------------------------------
---------------------------------------------------------------------------------
Start RTL Component Statistics 
---------------------------------------------------------------------------------
Detailed RTL Component Info : 
+---XORs : 
	   2 Input      8 Bit         XORs := 2     
	   2 Input      1 Bit         XORs := 41    
+---Muxes : 
	   2 Input    8 Bit        Muxes := 1     
	   2 Input    1 Bit        Muxes := 3     
	   8 Input    1 Bit        Muxes := 2     
---------------------------------------------------------------------------------
Finished RTL Component Statistics 
---------------------------------------------------------------------------------
---------------------------------------------------------------------------------
Start Part Resource Summary
---------------------------------------------------------------------------------
Part Resources:
DSPs: 240 (col length:80)
BRAMs: 270 (col length: RAMB18 80 RAMB36 40)
---------------------------------------------------------------------------------
Finished Part Resource Summary
---------------------------------------------------------------------------------
---------------------------------------------------------------------------------
Start Cross Boundary and Area Optimization
---------------------------------------------------------------------------------
WARNING: [Synth 8-7080] Parallel synthesis criteria is not met
WARNING: [Synth 8-3332] Sequential element (Cc_reg[0]) is unused and will be removed from module alu.
WARNING: [Synth 8-3332] Sequential element (Cc_reg[1]) is unused and will be removed from module alu.
WARNING: [Synth 8-3332] Sequential element (Cc_reg[2]) is unused and will be removed from module alu.
WARNING: [Synth 8-3332] Sequential element (Cc_reg[3]) is unused and will be removed from module alu.
WARNING: [Synth 8-3332] Sequential element (Cc_reg[4]) is unused and will be removed from module alu.
WARNING: [Synth 8-3332] Sequential element (Cc_reg[5]) is unused and will be removed from module alu.
WARNING: [Synth 8-3332] Sequential element (Cc_reg[6]) is unused and will be removed from module alu.
---------------------------------------------------------------------------------
Finished Cross Boundary and Area Optimization : Time (s): cpu = 00:00:54 ; elapsed = 00:01:16 . Memory (MB): peak = 1450.262 ; gain = 581.668
---------------------------------------------------------------------------------
---------------------------------------------------------------------------------
Start Applying XDC Timing Constraints
---------------------------------------------------------------------------------
---------------------------------------------------------------------------------
Finished Applying XDC Timing Constraints : Time (s): cpu = 00:01:11 ; elapsed = 00:01:35 . Memory (MB): peak = 1450.262 ; gain = 581.668
---------------------------------------------------------------------------------
---------------------------------------------------------------------------------
Start Timing Optimization
---------------------------------------------------------------------------------
---------------------------------------------------------------------------------
Finished Timing Optimization : Time (s): cpu = 00:01:11 ; elapsed = 00:01:35 . Memory (MB): peak = 1450.262 ; gain = 581.668
---------------------------------------------------------------------------------
---------------------------------------------------------------------------------
Start Technology Mapping
---------------------------------------------------------------------------------
---------------------------------------------------------------------------------
Finished Technology Mapping : Time (s): cpu = 00:01:11 ; elapsed = 00:01:35 . Memory (MB): peak = 1450.262 ; gain = 581.668
---------------------------------------------------------------------------------
---------------------------------------------------------------------------------
Start IO Insertion
---------------------------------------------------------------------------------
---------------------------------------------------------------------------------
Start Flattening Before IO Insertion
---------------------------------------------------------------------------------
---------------------------------------------------------------------------------
Finished Flattening Before IO Insertion
---------------------------------------------------------------------------------
---------------------------------------------------------------------------------
Start Final Netlist Cleanup
---------------------------------------------------------------------------------
---------------------------------------------------------------------------------
Finished Final Netlist Cleanup
---------------------------------------------------------------------------------
---------------------------------------------------------------------------------
Finished IO Insertion : Time (s): cpu = 00:01:27 ; elapsed = 00:01:53 . Memory (MB): peak = 1450.262 ; gain = 581.668
---------------------------------------------------------------------------------
---------------------------------------------------------------------------------
Start Renaming Generated Instances
---------------------------------------------------------------------------------
---------------------------------------------------------------------------------
Finished Renaming Generated Instances : Time (s): cpu = 00:01:27 ; elapsed = 00:01:53 . Memory (MB): peak = 1450.262 ; gain = 581.668
---------------------------------------------------------------------------------
---------------------------------------------------------------------------------
Start Rebuilding User Hierarchy
---------------------------------------------------------------------------------
---------------------------------------------------------------------------------
Finished Rebuilding User Hierarchy : Time (s): cpu = 00:01:27 ; elapsed = 00:01:53 . Memory (MB): peak = 1450.262 ; gain = 581.668
---------------------------------------------------------------------------------
---------------------------------------------------------------------------------
Start Renaming Generated Ports
---------------------------------------------------------------------------------
---------------------------------------------------------------------------------
Finished Renaming Generated Ports : Time (s): cpu = 00:01:27 ; elapsed = 00:01:53 . Memory (MB): peak = 1450.262 ; gain = 581.668
---------------------------------------------------------------------------------
---------------------------------------------------------------------------------
Start Handling Custom Attributes
---------------------------------------------------------------------------------
---------------------------------------------------------------------------------
Finished Handling Custom Attributes : Time (s): cpu = 00:01:27 ; elapsed = 00:01:53 . Memory (MB): peak = 1450.262 ; gain = 581.668
---------------------------------------------------------------------------------
---------------------------------------------------------------------------------
Start Renaming Generated Nets
---------------------------------------------------------------------------------
---------------------------------------------------------------------------------
Finished Renaming Generated Nets : Time (s): cpu = 00:01:27 ; elapsed = 00:01:53 . Memory (MB): peak = 1450.262 ; gain = 581.668
---------------------------------------------------------------------------------
---------------------------------------------------------------------------------
Start Writing Synthesis Report
---------------------------------------------------------------------------------

Report BlackBoxes: 
+-+--------------+----------+
| |BlackBox name |Instances |
+-+--------------+----------+
+-+--------------+----------+

Report Cell Usage: 
+------+------+------+
|      |Cell  |Count |
+------+------+------+
|1     |LUT2  |     7|
|2     |LUT4  |    10|
|3     |LUT5  |    14|
|4     |LUT6  |    19|
|5     |MUXF7 |     1|
|6     |LD    |    10|
|7     |IBUF  |    23|
|8     |OBUF  |    12|
+------+------+------+
---------------------------------------------------------------------------------
Finished Writing Synthesis Report : Time (s): cpu = 00:01:27 ; elapsed = 00:01:53 . Memory (MB): peak = 1450.262 ; gain = 581.668
---------------------------------------------------------------------------------
Synthesis finished with 0 errors, 0 critical warnings and 10 warnings.
Synthesis Optimization Runtime : Time (s): cpu = 00:00:59 ; elapsed = 00:01:41 . Memory (MB): peak = 1450.262 ; gain = 503.391
Synthesis Optimization Complete : Time (s): cpu = 00:01:27 ; elapsed = 00:01:53 . Memory (MB): peak = 1450.262 ; gain = 581.668
INFO: [Project 1-571] Translating synthesized netlist
Netlist sorting complete. Time (s): cpu = 00:00:00 ; elapsed = 00:00:00.004 . Memory (MB): peak = 1450.262 ; gain = 0.000
INFO: [Netlist 29-17] Analyzing 11 Unisim elements for replacement
INFO: [Netlist 29-28] Unisim Transformation completed in 0 CPU seconds
INFO: [Project 1-570] Preparing netlist for logic optimization
INFO: [Opt 31-138] Pushed 0 inverter(s) to 0 load pin(s).
Netlist sorting complete. Time (s): cpu = 00:00:00 ; elapsed = 00:00:00.001 . Memory (MB): peak = 1450.262 ; gain = 0.000
INFO: [Project 1-111] Unisim Transformation Summary:
  A total of 10 instances were transformed.
  LD => LDCE: 10 instances

Synth Design complete | Checksum: df5d8798
INFO: [Common 17-83] Releasing license: Synthesis
23 Infos, 15 Warnings, 0 Critical Warnings and 0 Errors encountered.
synth_design completed successfully
synth_design: Time (s): cpu = 00:01:43 ; elapsed = 00:02:22 . Memory (MB): peak = 1450.262 ; gain = 981.027
INFO: [Common 17-1381] The checkpoint 'D:/Arqui/aluV1.0/aluV1.0.runs/synth_1/alu.dcp' has been generated.
INFO: [runtcl-4] Executing : report_utilization -file alu_utilization_synth.rpt -pb alu_utilization_synth.pb
INFO: [Common 17-206] Exiting Vivado at Tue Apr 16 06:41:46 2024...
